This file contains any messages produced by compilers while
running configure, to aid debugging if configure makes a mistake.

It was created by configure, which was
generated by GNU Autoconf 2.69.  Invocation command line was

  $ ./configure 

## --------- ##
## Platform. ##
## --------- ##

hostname = fluperphp3-ThinkCentre-M70e
uname -m = x86_64
uname -r = 4.4.0-116-generic
uname -s = Linux
uname -v = #140-Ubuntu SMP Mon Feb 12 21:23:04 UTC 2018

/usr/bin/uname -p = unknown
/bin/uname -X     = unknown

/bin/arch              = unknown
/usr/bin/arch -k       = unknown
/usr/convex/getsysinfo = unknown
/usr/bin/hostinfo      = unknown
/bin/machine           = unknown
/usr/bin/oslevel       = unknown
/bin/universe          = unknown

PATH: /home/fluper-php3/bin
PATH: /home/fluper-php3/.local/bin
PATH: /usr/local/sbin
PATH: /usr/local/bin
PATH: /usr/sbin
PATH: /usr/bin
PATH: /sbin
PATH: /bin
PATH: /usr/games
PATH: /usr/local/games
PATH: /snap/bin


## ----------- ##
## Core tests. ##
## ----------- ##

configure:2227: checking for grep that handles long lines and -e
configure:2285: result: /bin/grep
configure:2290: checking for egrep
configure:2352: result: /bin/grep -E
configure:2357: checking for a sed that does not truncate output
configure:2421: result: /bin/sed
configure:2560: checking for cc
configure:2576: found /usr/bin/cc
configure:2587: result: cc
configure:2618: checking for C compiler version
configure:2627: cc --version >&5
cc (Ubuntu 5.4.0-6ubuntu1~16.04.9) 5.4.0 20160609
Copyright (C) 2015 Free Software Foundation, Inc.
This is free software; see the source for copying conditions.  There is NO
warranty; not even for MERCHANTABILITY or FITNESS FOR A PARTICULAR PURPOSE.

configure:2638: $? = 0
configure:2627: cc -v >&5
Using built-in specs.
COLLECT_GCC=cc
COLLECT_LTO_WRAPPER=/usr/lib/gcc/x86_64-linux-gnu/5/lto-wrapper
Target: x86_64-linux-gnu
Configured with: ../src/configure -v --with-pkgversion='Ubuntu 5.4.0-6ubuntu1~16.04.9' --with-bugurl=file:///usr/share/doc/gcc-5/README.Bugs --enable-languages=c,ada,c++,java,go,d,fortran,objc,obj-c++ --prefix=/usr --program-suffix=-5 --enable-shared --enable-linker-build-id --libexecdir=/usr/lib --without-included-gettext --enable-threads=posix --libdir=/usr/lib --enable-nls --with-sysroot=/ --enable-clocale=gnu --enable-libstdcxx-debug --enable-libstdcxx-time=yes --with-default-libstdcxx-abi=new --enable-gnu-unique-object --disable-vtable-verify --enable-libmpx --enable-plugin --with-system-zlib --disable-browser-plugin --enable-java-awt=gtk --enable-gtk-cairo --with-java-home=/usr/lib/jvm/java-1.5.0-gcj-5-amd64/jre --enable-java-home --with-jvm-root-dir=/usr/lib/jvm/java-1.5.0-gcj-5-amd64 --with-jvm-jar-dir=/usr/lib/jvm-exports/java-1.5.0-gcj-5-amd64 --with-arch-directory=amd64 --with-ecj-jar=/usr/share/java/eclipse-ecj.jar --enable-objc-gc --enable-multiarch --disable-werror --with-arch-32=i686 --with-abi=m64 --with-multilib-list=m32,m64,mx32 --enable-multilib --with-tune=generic --enable-checking=release --build=x86_64-linux-gnu --host=x86_64-linux-gnu --target=x86_64-linux-gnu
Thread model: posix
gcc version 5.4.0 20160609 (Ubuntu 5.4.0-6ubuntu1~16.04.9) 
configure:2638: $? = 0
configure:2627: cc -V >&5
cc: error: unrecognized command line option '-V'
cc: fatal error: no input files
compilation terminated.
configure:2638: $? = 1
configure:2627: cc -qversion >&5
cc: error: unrecognized command line option '-qversion'
cc: fatal error: no input files
compilation terminated.
configure:2638: $? = 1
configure:2658: checking whether the C compiler works
configure:2680: cc    conftest.c  >&5
configure:2684: $? = 0
configure:2732: result: yes
configure:2735: checking for C compiler default output file name
configure:2737: result: a.out
configure:2743: checking for suffix of executables
configure:2750: cc -o conftest    conftest.c  >&5
configure:2754: $? = 0
configure:2776: result: 
configure:2798: checking whether we are cross compiling
configure:2806: cc -o conftest    conftest.c  >&5
configure:2810: $? = 0
configure:2817: ./conftest
configure:2821: $? = 0
configure:2836: result: no
configure:2841: checking for suffix of object files
configure:2863: cc -c   conftest.c >&5
configure:2867: $? = 0
configure:2888: result: o
configure:2892: checking whether we are using the GNU C compiler
configure:2911: cc -c   conftest.c >&5
configure:2911: $? = 0
configure:2920: result: yes
configure:2929: checking whether cc accepts -g
configure:2949: cc -c -g  conftest.c >&5
configure:2949: $? = 0
configure:2990: result: yes
configure:3007: checking for cc option to accept ISO C89
configure:3070: cc  -c -g -O2  conftest.c >&5
configure:3070: $? = 0
configure:3083: result: none needed
configure:3109: checking how to run the C preprocessor
configure:3140: cc -E  conftest.c
configure:3140: $? = 0
configure:3154: cc -E  conftest.c
conftest.c:9:28: fatal error: ac_nonexistent.h: No such file or directory
compilation terminated.
configure:3154: $? = 1
configure: failed program was:
| /* confdefs.h */
| #define PACKAGE_NAME ""
| #define PACKAGE_TARNAME ""
| #define PACKAGE_VERSION ""
| #define PACKAGE_STRING ""
| #define PACKAGE_BUGREPORT ""
| #define PACKAGE_URL ""
| /* end confdefs.h.  */
| #include <ac_nonexistent.h>
configure:3179: result: cc -E
configure:3199: cc -E  conftest.c
configure:3199: $? = 0
configure:3213: cc -E  conftest.c
conftest.c:9:28: fatal error: ac_nonexistent.h: No such file or directory
compilation terminated.
configure:3213: $? = 1
configure: failed program was:
| /* confdefs.h */
| #define PACKAGE_NAME ""
| #define PACKAGE_TARNAME ""
| #define PACKAGE_VERSION ""
| #define PACKAGE_STRING ""
| #define PACKAGE_BUGREPORT ""
| #define PACKAGE_URL ""
| /* end confdefs.h.  */
| #include <ac_nonexistent.h>
configure:3244: checking for icc
configure:3253: result: no
configure:3267: checking for suncc
configure:3276: result: no
configure:3294: checking whether cc understands -c and -o together
configure:3322: cc -c conftest.c -o conftest2.o >&5
configure:3326: $? = 0
configure:3332: cc -c conftest.c -o conftest2.o >&5
configure:3336: $? = 0
configure:3391: result: yes
configure:3405: checking for system library directory
configure:3420: result: lib
configure:3427: checking if compiler supports -R
configure:3446: cc -o conftest -g -O2   conftest.c -R /usr/lib  >&5
cc: error: unrecognized command line option '-R'
configure:3446: $? = 1
configure: failed program was:
| /* confdefs.h */
| #define PACKAGE_NAME ""
| #define PACKAGE_TARNAME ""
| #define PACKAGE_VERSION ""
| #define PACKAGE_STRING ""
| #define PACKAGE_BUGREPORT ""
| #define PACKAGE_URL ""
| /* end confdefs.h.  */
| 
| int
| main ()
| {
| 
|   ;
|   return 0;
| }
configure:3456: result: no
configure:3461: checking if compiler supports -Wl,-rpath,
configure:3480: cc -o conftest -g -O2   conftest.c -Wl,-rpath,/usr/lib  >&5
configure:3480: $? = 0
configure:3490: result: yes
configure:3535: checking build system type
configure:3549: result: x86_64-pc-linux-gnu
configure:3569: checking host system type
configure:3582: result: x86_64-pc-linux-gnu
configure:3602: checking target system type
configure:3615: result: x86_64-pc-linux-gnu
configure:3718: checking for PHP prefix
configure:3720: result: /usr
configure:3722: checking for PHP includes
configure:3724: result: -I/usr/include/php/20151012 -I/usr/include/php/20151012/main -I/usr/include/php/20151012/TSRM -I/usr/include/php/20151012/Zend -I/usr/include/php/20151012/ext -I/usr/include/php/20151012/ext/date/lib
configure:3726: checking for PHP extension directory
configure:3728: result: /usr/lib/php/20151012
configure:3730: checking for PHP installed headers prefix
configure:3732: result: /usr/include/php/20151012
configure:3735: checking if debug is enabled
configure:3761: result: no
configure:3764: checking if zts is enabled
configure:3790: result: no
configure:3861: checking for re2c
configure:3891: result: no
configure:3916: WARNING: You will need re2c 0.13.4 or later if you want to regenerate PHP parsers.
configure:3930: checking for gawk
configure:3961: result: no
configure:3930: checking for nawk
configure:3947: found /usr/bin/nawk
configure:3958: result: nawk
configure:3981: checking if nawk is broken
configure:3988: result: no
configure:4001: checking whether to enable mongodb support
configure:4040: result: yes, shared
configure:4048: checking OpenSSL dir for mongodb
configure:4063: result: yes
configure:4071: checking whether to use system default cipher list instead of hardcoded value
configure:4086: result: no
configure:4109: checking PHP version
configure:4113: result: 70025
configure:4120: checking whether to enable developer build flags
configure:4134: result: no
configure:4990: checking whether to enable code coverage
configure:5004: result: no
configure:5119: checking whether to use system libbson
configure:5134: result: no
configure:5142: checking whether to use system libmongoc
configure:5157: result: no
configure:5451: checking configuring libmongoc
configure:5453: result: ...
configure:5726: checking for pkg-config
configure:5744: found /usr/bin/pkg-config
configure:5757: result: /usr/bin/pkg-config
configure:6444: checking for Cyrus SASL support
configure:6459: result: auto
configure:6466: checking for SASL
configure:6478: result: not found
configure:6943: checking if weak symbols are supported
configure:6960: cc -o conftest -g -O2   conftest.c  >&5
configure:6960: $? = 0
configure:6961: result: yes
configure:7190: checking if compiler needs -Werror to reject unknown flags
configure:7206: cc -c -g -O2 -Werror -Wunknown-warning-option -Wsizeof-array-argument  conftest.c >&5
cc: error: unrecognized command line option '-Wunknown-warning-option'
configure:7206: $? = 1
configure: failed program was:
| /* confdefs.h */
| #define PACKAGE_NAME ""
| #define PACKAGE_TARNAME ""
| #define PACKAGE_VERSION ""
| #define PACKAGE_STRING ""
| #define PACKAGE_BUGREPORT ""
| #define PACKAGE_URL ""
| /* end confdefs.h.  */
| int foo(void);
| int
| main ()
| {
| foo()
|   ;
|   return 0;
| }
configure:7211: result: no
configure:7277: checking for the pthreads library -lpthreads
configure:7315: cc -o conftest -g -O2     conftest.c -lpthreads  >&5
/usr/bin/ld: cannot find -lpthreads
collect2: error: ld returned 1 exit status
configure:7315: $? = 1
configure: failed program was:
| /* confdefs.h */
| #define PACKAGE_NAME ""
| #define PACKAGE_TARNAME ""
| #define PACKAGE_VERSION ""
| #define PACKAGE_STRING ""
| #define PACKAGE_BUGREPORT ""
| #define PACKAGE_URL ""
| /* end confdefs.h.  */
| #include <pthread.h>
|                         static void routine(void *a) { a = 0; }
|                         static void *start_routine(void *a) { return a; }
| int
| main ()
| {
| pthread_t th; pthread_attr_t attr;
|                         pthread_create(&th, 0, start_routine, 0);
|                         pthread_join(th, 0);
|                         pthread_attr_init(&attr);
|                         pthread_cleanup_push(routine, 0);
|                         pthread_cleanup_pop(0) /* ; */
|   ;
|   return 0;
| }
configure:7324: result: no
configure:7222: checking whether pthreads work without any flags
configure:7315: cc -o conftest -g -O2     conftest.c   >&5
/tmp/cclN9XQg.o: In function `main':
/opt/lampp/htdocs/LaravelMongo/mongodb-1.2.11/conftest.c:16: undefined reference to `pthread_create'
/opt/lampp/htdocs/LaravelMongo/mongodb-1.2.11/conftest.c:17: undefined reference to `pthread_join'
/opt/lampp/htdocs/LaravelMongo/mongodb-1.2.11/conftest.c:19: undefined reference to `__pthread_register_cancel'
/opt/lampp/htdocs/LaravelMongo/mongodb-1.2.11/conftest.c:20: undefined reference to `__pthread_unregister_cancel'
collect2: error: ld returned 1 exit status
configure:7315: $? = 1
configure: failed program was:
| /* confdefs.h */
| #define PACKAGE_NAME ""
| #define PACKAGE_TARNAME ""
| #define PACKAGE_VERSION ""
| #define PACKAGE_STRING ""
| #define PACKAGE_BUGREPORT ""
| #define PACKAGE_URL ""
| /* end confdefs.h.  */
| #include <pthread.h>
|                         static void routine(void *a) { a = 0; }
|                         static void *start_routine(void *a) { return a; }
| int
| main ()
| {
| pthread_t th; pthread_attr_t attr;
|                         pthread_create(&th, 0, start_routine, 0);
|                         pthread_join(th, 0);
|                         pthread_attr_init(&attr);
|                         pthread_cleanup_push(routine, 0);
|                         pthread_cleanup_pop(0) /* ; */
|   ;
|   return 0;
| }
configure:7324: result: no
configure:7227: checking whether pthreads work with -Kthread
configure:7315: cc -o conftest -g -O2 -Kthread    conftest.c   >&5
cc: error: unrecognized command line option '-Kthread'
configure:7315: $? = 1
configure: failed program was:
| /* confdefs.h */
| #define PACKAGE_NAME ""
| #define PACKAGE_TARNAME ""
| #define PACKAGE_VERSION ""
| #define PACKAGE_STRING ""
| #define PACKAGE_BUGREPORT ""
| #define PACKAGE_URL ""
| /* end confdefs.h.  */
| #include <pthread.h>
|                         static void routine(void *a) { a = 0; }
|                         static void *start_routine(void *a) { return a; }
| int
| main ()
| {
| pthread_t th; pthread_attr_t attr;
|                         pthread_create(&th, 0, start_routine, 0);
|                         pthread_join(th, 0);
|                         pthread_attr_init(&attr);
|                         pthread_cleanup_push(routine, 0);
|                         pthread_cleanup_pop(0) /* ; */
|   ;
|   return 0;
| }
configure:7324: result: no
configure:7227: checking whether pthreads work with -kthread
configure:7315: cc -o conftest -g -O2 -kthread    conftest.c   >&5
cc: error: unrecognized command line option '-kthread'
configure:7315: $? = 1
configure: failed program was:
| /* confdefs.h */
| #define PACKAGE_NAME ""
| #define PACKAGE_TARNAME ""
| #define PACKAGE_VERSION ""
| #define PACKAGE_STRING ""
| #define PACKAGE_BUGREPORT ""
| #define PACKAGE_URL ""
| /* end confdefs.h.  */
| #include <pthread.h>
|                         static void routine(void *a) { a = 0; }
|                         static void *start_routine(void *a) { return a; }
| int
| main ()
| {
| pthread_t th; pthread_attr_t attr;
|                         pthread_create(&th, 0, start_routine, 0);
|                         pthread_join(th, 0);
|                         pthread_attr_init(&attr);
|                         pthread_cleanup_push(routine, 0);
|                         pthread_cleanup_pop(0) /* ; */
|   ;
|   return 0;
| }
configure:7324: result: no
configure:7277: checking for the pthreads library -llthread
configure:7315: cc -o conftest -g -O2     conftest.c -llthread  >&5
/usr/bin/ld: cannot find -llthread
collect2: error: ld returned 1 exit status
configure:7315: $? = 1
configure: failed program was:
| /* confdefs.h */
| #define PACKAGE_NAME ""
| #define PACKAGE_TARNAME ""
| #define PACKAGE_VERSION ""
| #define PACKAGE_STRING ""
| #define PACKAGE_BUGREPORT ""
| #define PACKAGE_URL ""
| /* end confdefs.h.  */
| #include <pthread.h>
|                         static void routine(void *a) { a = 0; }
|                         static void *start_routine(void *a) { return a; }
| int
| main ()
| {
| pthread_t th; pthread_attr_t attr;
|                         pthread_create(&th, 0, start_routine, 0);
|                         pthread_join(th, 0);
|                         pthread_attr_init(&attr);
|                         pthread_cleanup_push(routine, 0);
|                         pthread_cleanup_pop(0) /* ; */
|   ;
|   return 0;
| }
configure:7324: result: no
configure:7227: checking whether pthreads work with -pthread
configure:7315: cc -o conftest -g -O2 -pthread    conftest.c   >&5
configure:7315: $? = 0
configure:7324: result: yes
configure:7343: checking for joinable pthread attribute
configure:7358: cc -o conftest -g -O2 -pthread   conftest.c   >&5
configure:7358: $? = 0
configure:7364: result: PTHREAD_CREATE_JOINABLE
configure:7374: checking if more special flags are required for pthreads
configure:7389: result: no
configure:7395: checking for PTHREAD_PRIO_INHERIT
configure:7412: cc -o conftest -g -O2 -pthread   conftest.c   >&5
configure:7412: $? = 0
configure:7421: result: yes
configure:7523: checking for shm_open
configure:7523: cc -o conftest -g -O2   conftest.c  >&5
/tmp/ccwenJfE.o: In function `main':
/opt/lampp/htdocs/LaravelMongo/mongodb-1.2.11/conftest.c:45: undefined reference to `shm_open'
collect2: error: ld returned 1 exit status
configure:7523: $? = 1
configure: failed program was:
| /* confdefs.h */
| #define PACKAGE_NAME ""
| #define PACKAGE_TARNAME ""
| #define PACKAGE_VERSION ""
| #define PACKAGE_STRING ""
| #define PACKAGE_BUGREPORT ""
| #define PACKAGE_URL ""
| #define HAVE_PTHREAD_PRIO_INHERIT 1
| #define HAVE_PTHREAD 1
| /* end confdefs.h.  */
| /* Define shm_open to an innocuous variant, in case <limits.h> declares shm_open.
|    For example, HP-UX 11i <limits.h> declares gettimeofday.  */
| #define shm_open innocuous_shm_open
| 
| /* System header to define __stub macros and hopefully few prototypes,
|     which can conflict with char shm_open (); below.
|     Prefer <limits.h> to <assert.h> if __STDC__ is defined, since
|     <limits.h> exists even on freestanding compilers.  */
| 
| #ifdef __STDC__
| # include <limits.h>
| #else
| # include <assert.h>
| #endif
| 
| #undef shm_open
| 
| /* Override any GCC internal prototype to avoid an error.
|    Use char because int might match the return type of a GCC
|    builtin and then its argument prototype would still apply.  */
| #ifdef __cplusplus
| extern "C"
| #endif
| char shm_open ();
| /* The GNU C library defines this for functions which it implements
|     to always fail with ENOSYS.  Some functions are actually named
|     something starting with __ and the normal name is an alias.  */
| #if defined __stub_shm_open || defined __stub___shm_open
| choke me
| #endif
| 
| int
| main ()
| {
| return shm_open ();
|   ;
|   return 0;
| }
configure:7523: result: no
configure:7530: checking for shm_open in -lrt
configure:7555: cc -o conftest -g -O2   conftest.c -lrt   >&5
configure:7555: $? = 0
configure:7564: result: yes
configure:8150: checking for __sync_add_and_fetch_4
configure:8163: cc -o conftest -g -O2   conftest.c  >&5
configure:8163: $? = 0
configure:8164: result: yes
configure:8182: checking for __sync_add_and_fetch_8
configure:8195: cc -o conftest -g -O2   conftest.c  >&5
configure:8195: $? = 0
configure:8196: result: yes
configure:8223: checking for strnlen
configure:8242: cc -c -g -O2  conftest.c >&5
conftest.c:14:5: error: conflicting types for 'strnlen'
 int strnlen () { return 0; }
     ^
In file included from conftest.c:13:0:
/usr/include/string.h:401:15: note: previous declaration of 'strnlen' was here
 extern size_t strnlen (const char *__string, size_t __maxlen)
               ^
configure:8242: $? = 1
configure: failed program was:
| /* confdefs.h */
| #define PACKAGE_NAME ""
| #define PACKAGE_TARNAME ""
| #define PACKAGE_VERSION ""
| #define PACKAGE_STRING ""
| #define PACKAGE_BUGREPORT ""
| #define PACKAGE_URL ""
| #define HAVE_PTHREAD_PRIO_INHERIT 1
| #define HAVE_PTHREAD 1
| #define COMPILE_DL_MONGODB 1
| /* end confdefs.h.  */
| 
| #include <string.h>
| int strnlen () { return 0; }
| 
| int
| main ()
| {
| 
|   ;
|   return 0;
| }
configure:8249: result: yes
configure:8259: checking for reallocf
configure:8278: cc -c -g -O2  conftest.c >&5
configure:8278: $? = 0
configure:8285: result: no
configure:8295: checking for syscall
configure:8315: cc -c -g -O2  conftest.c >&5
conftest.c:15:5: error: conflicting types for 'syscall'
 int syscall () { return 0; }
     ^
In file included from conftest.c:13:0:
/usr/include/unistd.h:1061:17: note: previous declaration of 'syscall' was here
 extern long int syscall (long int __sysno, ...) __THROW;
                 ^
configure:8315: $? = 1
configure: failed program was:
| /* confdefs.h */
| #define PACKAGE_NAME ""
| #define PACKAGE_TARNAME ""
| #define PACKAGE_VERSION ""
| #define PACKAGE_STRING ""
| #define PACKAGE_BUGREPORT ""
| #define PACKAGE_URL ""
| #define HAVE_PTHREAD_PRIO_INHERIT 1
| #define HAVE_PTHREAD 1
| #define COMPILE_DL_MONGODB 1
| /* end confdefs.h.  */
| 
| #include <unistd.h>
| #include <sys/syscall.h>
| int syscall () { return 0; }
| 
| int
| main ()
| {
| 
|   ;
|   return 0;
| }
configure:8322: result: yes
configure:8325: checking for SYS_gettid
configure:8345: cc -c -g -O2  conftest.c >&5
configure:8345: $? = 0
configure:8352: result: yes
configure:8363: checking for snprintf
configure:8363: cc -o conftest -g -O2   conftest.c  >&5
conftest.c:35:6: warning: conflicting types for built-in function 'snprintf'
 char snprintf ();
      ^
configure:8363: $? = 0
configure:8363: result: yes
configure:8375: checking for _set_output_format
configure:8375: cc -o conftest -g -O2   conftest.c  >&5
/tmp/ccmSThgd.o: In function `main':
/opt/lampp/htdocs/LaravelMongo/mongodb-1.2.11/conftest.c:46: undefined reference to `_set_output_format'
collect2: error: ld returned 1 exit status
configure:8375: $? = 1
configure: failed program was:
| /* confdefs.h */
| #define PACKAGE_NAME ""
| #define PACKAGE_TARNAME ""
| #define PACKAGE_VERSION ""
| #define PACKAGE_STRING ""
| #define PACKAGE_BUGREPORT ""
| #define PACKAGE_URL ""
| #define HAVE_PTHREAD_PRIO_INHERIT 1
| #define HAVE_PTHREAD 1
| #define COMPILE_DL_MONGODB 1
| /* end confdefs.h.  */
| /* Define _set_output_format to an innocuous variant, in case <limits.h> declares _set_output_format.
|    For example, HP-UX 11i <limits.h> declares gettimeofday.  */
| #define _set_output_format innocuous__set_output_format
| 
| /* System header to define __stub macros and hopefully few prototypes,
|     which can conflict with char _set_output_format (); below.
|     Prefer <limits.h> to <assert.h> if __STDC__ is defined, since
|     <limits.h> exists even on freestanding compilers.  */
| 
| #ifdef __STDC__
| # include <limits.h>
| #else
| # include <assert.h>
| #endif
| 
| #undef _set_output_format
| 
| /* Override any GCC internal prototype to avoid an error.
|    Use char because int might match the return type of a GCC
|    builtin and then its argument prototype would still apply.  */
| #ifdef __cplusplus
| extern "C"
| #endif
| char _set_output_format ();
| /* The GNU C library defines this for functions which it implements
|     to always fail with ENOSYS.  Some functions are actually named
|     something starting with __ and the normal name is an alias.  */
| #if defined __stub__set_output_format || defined __stub____set_output_format
| choke me
| #endif
| 
| int
| main ()
| {
| return _set_output_format ();
|   ;
|   return 0;
| }
configure:8375: result: no
configure:8389: checking for struct timespec
configure:8389: cc -c -g -O2  conftest.c >&5
configure:8389: $? = 0
configure:8389: cc -c -g -O2  conftest.c >&5
conftest.c: In function 'main':
conftest.c:17:30: error: expected expression before ')' token
 if (sizeof ((struct timespec)))
                              ^
configure:8389: $? = 1
configure: failed program was:
| /* confdefs.h */
| #define PACKAGE_NAME ""
| #define PACKAGE_TARNAME ""
| #define PACKAGE_VERSION ""
| #define PACKAGE_STRING ""
| #define PACKAGE_BUGREPORT ""
| #define PACKAGE_URL ""
| #define HAVE_PTHREAD_PRIO_INHERIT 1
| #define HAVE_PTHREAD 1
| #define COMPILE_DL_MONGODB 1
| /* end confdefs.h.  */
| #include <time.h>
| 
| int
| main ()
| {
| if (sizeof ((struct timespec)))
| 	    return 0;
|   ;
|   return 0;
| }
configure:8389: result: yes
configure:8400: checking for library containing clock_gettime
configure:8431: cc -o conftest -g -O2   conftest.c  >&5
configure:8431: $? = 0
configure:8448: result: none required
configure:8484: checking for pthread_join in LIBS= with CFLAGS=-pthread
configure:8504: cc -o conftest -g -O2 -pthread   conftest.c   >&5
configure:8504: $? = 0
configure:8509: result: yes
configure:8574: checking if compiler needs -Werror to reject unknown flags
configure:8590: cc -c -g -O2 -Werror -Wunknown-warning-option -Wsizeof-array-argument  conftest.c >&5
cc: error: unrecognized command line option '-Wunknown-warning-option'
configure:8590: $? = 1
configure: failed program was:
| /* confdefs.h */
| #define PACKAGE_NAME ""
| #define PACKAGE_TARNAME ""
| #define PACKAGE_VERSION ""
| #define PACKAGE_STRING ""
| #define PACKAGE_BUGREPORT ""
| #define PACKAGE_URL ""
| #define HAVE_PTHREAD_PRIO_INHERIT 1
| #define HAVE_PTHREAD 1
| #define COMPILE_DL_MONGODB 1
| /* end confdefs.h.  */
| int foo(void);
| int
| main ()
| {
| foo()
|   ;
|   return 0;
| }
configure:8595: result: no
configure:8727: checking for joinable pthread attribute
configure:8742: cc -o conftest -g -O2 -pthread   conftest.c   >&5
configure:8742: $? = 0
configure:8748: result: PTHREAD_CREATE_JOINABLE
configure:8758: checking if more special flags are required for pthreads
configure:8773: result: no
configure:8779: checking for PTHREAD_PRIO_INHERIT
configure:8805: result: yes
configure:8919: checking whether PTHREAD_ONCE_INIT needs braces
configure:8936: cc -c -g -O2  conftest.c >&5
configure:8936: $? = 0
configure:8943: result: no
configure:8968: checking for stdint-types....
configure:8978: result: "(putting them into ./src/libbson/src/bson/bson-stdint.h)"
configure:8992: checking for uintptr_t
configure:8992: cc -c -g -O2  conftest.c >&5
configure:8992: $? = 0
configure:8992: cc -c -g -O2  conftest.c >&5
conftest.c: In function 'main':
conftest.c:19:24: error: expected expression before ')' token
 if (sizeof ((uintptr_t)))
                        ^
configure:8992: $? = 1
configure: failed program was:
| /* confdefs.h */
| #define PACKAGE_NAME ""
| #define PACKAGE_TARNAME ""
| #define PACKAGE_VERSION ""
| #define PACKAGE_STRING ""
| #define PACKAGE_BUGREPORT ""
| #define PACKAGE_URL ""
| #define HAVE_PTHREAD_PRIO_INHERIT 1
| #define HAVE_PTHREAD 1
| #define COMPILE_DL_MONGODB 1
| #define HAVE_PTHREAD_PRIO_INHERIT 1
| #define HAVE_PTHREAD 1
| /* end confdefs.h.  */
| #include <stdint.h>
| 
| int
| main ()
| {
| if (sizeof ((uintptr_t)))
| 	    return 0;
|   ;
|   return 0;
| }
configure:8992: result: yes
configure:9000: checking for uint64_t
configure:9000: cc -c -g -O2  conftest.c >&5
configure:9000: $? = 0
configure:9000: cc -c -g -O2  conftest.c >&5
conftest.c: In function 'main':
conftest.c:19:23: error: expected expression before ')' token
 if (sizeof ((uint64_t)))
                       ^
configure:9000: $? = 1
configure: failed program was:
| /* confdefs.h */
| #define PACKAGE_NAME ""
| #define PACKAGE_TARNAME ""
| #define PACKAGE_VERSION ""
| #define PACKAGE_STRING ""
| #define PACKAGE_BUGREPORT ""
| #define PACKAGE_URL ""
| #define HAVE_PTHREAD_PRIO_INHERIT 1
| #define HAVE_PTHREAD 1
| #define COMPILE_DL_MONGODB 1
| #define HAVE_PTHREAD_PRIO_INHERIT 1
| #define HAVE_PTHREAD 1
| /* end confdefs.h.  */
| #include<stdint.h>
| 
| int
| main ()
| {
| if (sizeof ((uint64_t)))
| 	    return 0;
|   ;
|   return 0;
| }
configure:9000: result: yes
configure:9008: result: ... seen our uintptr_t in stdint.h (uint64_t too)
configure:9273: result: creating ./src/libbson/src/bson/bson-stdint.h : ___SRC_LIBBSON_SRC_BSON_BSON_STDINT_H
configure:9300: checking for int_least32_t
configure:9300: cc -c -g -O2  conftest.c >&5
configure:9300: $? = 0
configure:9300: cc -c -g -O2  conftest.c >&5
conftest.c: In function 'main':
conftest.c:19:28: error: expected expression before ')' token
 if (sizeof ((int_least32_t)))
                            ^
configure:9300: $? = 1
configure: failed program was:
| /* confdefs.h */
| #define PACKAGE_NAME ""
| #define PACKAGE_TARNAME ""
| #define PACKAGE_VERSION ""
| #define PACKAGE_STRING ""
| #define PACKAGE_BUGREPORT ""
| #define PACKAGE_URL ""
| #define HAVE_PTHREAD_PRIO_INHERIT 1
| #define HAVE_PTHREAD 1
| #define COMPILE_DL_MONGODB 1
| #define HAVE_PTHREAD_PRIO_INHERIT 1
| #define HAVE_PTHREAD 1
| /* end confdefs.h.  */
| #include <stdint.h>
| 
| int
| main ()
| {
| if (sizeof ((int_least32_t)))
| 	    return 0;
|   ;
|   return 0;
| }
configure:9300: result: yes
configure:9306: checking for int_fast32_t
configure:9306: cc -c -g -O2  conftest.c >&5
configure:9306: $? = 0
configure:9306: cc -c -g -O2  conftest.c >&5
conftest.c: In function 'main':
conftest.c:19:27: error: expected expression before ')' token
 if (sizeof ((int_fast32_t)))
                           ^
configure:9306: $? = 1
configure: failed program was:
| /* confdefs.h */
| #define PACKAGE_NAME ""
| #define PACKAGE_TARNAME ""
| #define PACKAGE_VERSION ""
| #define PACKAGE_STRING ""
| #define PACKAGE_BUGREPORT ""
| #define PACKAGE_URL ""
| #define HAVE_PTHREAD_PRIO_INHERIT 1
| #define HAVE_PTHREAD 1
| #define COMPILE_DL_MONGODB 1
| #define HAVE_PTHREAD_PRIO_INHERIT 1
| #define HAVE_PTHREAD 1
| /* end confdefs.h.  */
| #include<stdint.h>
| 
| int
| main ()
| {
| if (sizeof ((int_fast32_t)))
| 	    return 0;
|   ;
|   return 0;
| }
configure:9306: result: yes
configure:9319: result: ..adding include stdint.h
configure:9329: result: ... seen good stdint.h inttypes
configure:9465: result: ... seen good uint64_t
configure:9685: result: ... DONE ./src/libbson/src/bson/bson-stdint.h
configure:9804: checking whether byte ordering is bigendian
configure:9830: cc -o conftest -g -O2   conftest.c  >&5
configure:9830: $? = 0
configure:9830: ./conftest
configure:9830: $? = 1
configure: program exited with status 1
configure: failed program was:
| /* confdefs.h */
| #define PACKAGE_NAME ""
| #define PACKAGE_TARNAME ""
| #define PACKAGE_VERSION ""
| #define PACKAGE_STRING ""
| #define PACKAGE_BUGREPORT ""
| #define PACKAGE_URL ""
| #define HAVE_PTHREAD_PRIO_INHERIT 1
| #define HAVE_PTHREAD 1
| #define COMPILE_DL_MONGODB 1
| #define HAVE_PTHREAD_PRIO_INHERIT 1
| #define HAVE_PTHREAD 1
| /* end confdefs.h.  */
| 
| int main(void)
| {
|   short one = 1;
|   char *cp = (char *)&one;
| 
|   if (*cp == 0) {
|     return(0);
|   } else {
|     return(1);
|   }
| }
| 
configure:9841: result: no
configure:9851: checking for ANSI C header files
configure:9871: cc -c -g -O2  conftest.c >&5
configure:9871: $? = 0
configure:9944: cc -o conftest -g -O2   conftest.c  >&5
configure:9944: $? = 0
configure:9944: ./conftest
configure:9944: $? = 0
configure:9955: result: yes
configure:9968: checking for sys/types.h
configure:9968: cc -c -g -O2  conftest.c >&5
configure:9968: $? = 0
configure:9968: result: yes
configure:9968: checking for sys/stat.h
configure:9968: cc -c -g -O2  conftest.c >&5
configure:9968: $? = 0
configure:9968: result: yes
configure:9968: checking for stdlib.h
configure:9968: cc -c -g -O2  conftest.c >&5
configure:9968: $? = 0
configure:9968: result: yes
configure:9968: checking for string.h
configure:9968: cc -c -g -O2  conftest.c >&5
configure:9968: $? = 0
configure:9968: result: yes
configure:9968: checking for memory.h
configure:9968: cc -c -g -O2  conftest.c >&5
configure:9968: $? = 0
configure:9968: result: yes
configure:9968: checking for strings.h
configure:9968: cc -c -g -O2  conftest.c >&5
configure:9968: $? = 0
configure:9968: result: yes
configure:9968: checking for inttypes.h
configure:9968: cc -c -g -O2  conftest.c >&5
configure:9968: $? = 0
configure:9968: result: yes
configure:9968: checking for stdint.h
configure:9968: cc -c -g -O2  conftest.c >&5
configure:9968: $? = 0
configure:9968: result: yes
configure:9968: checking for unistd.h
configure:9968: cc -c -g -O2  conftest.c >&5
configure:9968: $? = 0
configure:9968: result: yes
configure:9980: checking for stdbool.h that conforms to C99
configure:10047: cc -c -g -O2  conftest.c >&5
configure:10047: $? = 0
configure:10054: result: yes
configure:10056: checking for _Bool
configure:10056: cc -c -g -O2  conftest.c >&5
configure:10056: $? = 0
configure:10056: cc -c -g -O2  conftest.c >&5
conftest.c: In function 'main':
conftest.c:60:20: error: expected expression before ')' token
 if (sizeof ((_Bool)))
                    ^
configure:10056: $? = 1
configure: failed program was:
| /* confdefs.h */
| #define PACKAGE_NAME ""
| #define PACKAGE_TARNAME ""
| #define PACKAGE_VERSION ""
| #define PACKAGE_STRING ""
| #define PACKAGE_BUGREPORT ""
| #define PACKAGE_URL ""
| #define HAVE_PTHREAD_PRIO_INHERIT 1
| #define HAVE_PTHREAD 1
| #define COMPILE_DL_MONGODB 1
| #define HAVE_PTHREAD_PRIO_INHERIT 1
| #define HAVE_PTHREAD 1
| #define STDC_HEADERS 1
| #define HAVE_SYS_TYPES_H 1
| #define HAVE_SYS_STAT_H 1
| #define HAVE_STDLIB_H 1
| #define HAVE_STRING_H 1
| #define HAVE_MEMORY_H 1
| #define HAVE_STRINGS_H 1
| #define HAVE_INTTYPES_H 1
| #define HAVE_STDINT_H 1
| #define HAVE_UNISTD_H 1
| /* end confdefs.h.  */
| #include <stdio.h>
| #ifdef HAVE_SYS_TYPES_H
| # include <sys/types.h>
| #endif
| #ifdef HAVE_SYS_STAT_H
| # include <sys/stat.h>
| #endif
| #ifdef STDC_HEADERS
| # include <stdlib.h>
| # include <stddef.h>
| #else
| # ifdef HAVE_STDLIB_H
| #  include <stdlib.h>
| # endif
| #endif
| #ifdef HAVE_STRING_H
| # if !defined STDC_HEADERS && defined HAVE_MEMORY_H
| #  include <memory.h>
| # endif
| # include <string.h>
| #endif
| #ifdef HAVE_STRINGS_H
| # include <strings.h>
| #endif
| #ifdef HAVE_INTTYPES_H
| # include <inttypes.h>
| #endif
| #ifdef HAVE_STDINT_H
| # include <stdint.h>
| #endif
| #ifdef HAVE_UNISTD_H
| # include <unistd.h>
| #endif
| int
| main ()
| {
| if (sizeof ((_Bool)))
| 	    return 0;
|   ;
|   return 0;
| }
configure:10056: result: yes
configure:10093: checking for clock_gettime
configure:10107: cc -o conftest -g -O2   conftest.c  >&5
configure:10107: $? = 0
configure:10110: result: yes
configure:10162: checking for strnlen
configure:10162: cc -o conftest -g -O2   conftest.c  >&5
configure:10162: $? = 0
configure:10162: result: yes
configure:10177: checking for snprintf
configure:10177: result: yes
configure:10219: Current version (from VERSION_CURRENT file): 1.5.5
configure:10398: creating ./config.status

## ---------------------- ##
## Running config.status. ##
## ---------------------- ##

This file was extended by config.status, which was
generated by GNU Autoconf 2.69.  Invocation command line was

  CONFIG_FILES    = 
  CONFIG_HEADERS  = 
  CONFIG_LINKS    = 
  CONFIG_COMMANDS = 
  $ ./config.status 

on fluperphp3-ThinkCentre-M70e

config.status:826: creating ./src/libmongoc/src/mongoc/mongoc-config.h
configure:11555: creating ./config.status

## ---------------------- ##
## Running config.status. ##
## ---------------------- ##

This file was extended by config.status, which was
generated by GNU Autoconf 2.69.  Invocation command line was

  CONFIG_FILES    = 
  CONFIG_HEADERS  = 
  CONFIG_LINKS    = 
  CONFIG_COMMANDS = 
  $ ./config.status 

on fluperphp3-ThinkCentre-M70e

config.status:827: creating ./src/libmongoc/src/mongoc/mongoc-config.h
config.status:827: creating ./src/libmongoc/src/mongoc/mongoc-version.h
configure:12589: Current version (from VERSION_CURRENT file): 1.5.5
configure:12764: creating ./config.status

## ---------------------- ##
## Running config.status. ##
## ---------------------- ##

This file was extended by config.status, which was
generated by GNU Autoconf 2.69.  Invocation command line was

  CONFIG_FILES    = 
  CONFIG_HEADERS  = 
  CONFIG_LINKS    = 
  CONFIG_COMMANDS = 
  $ ./config.status 

on fluperphp3-ThinkCentre-M70e

config.status:828: creating ./src/libmongoc/src/mongoc/mongoc-config.h
config.status:828: creating ./src/libmongoc/src/mongoc/mongoc-version.h
config.status:828: creating ./src/libbson/src/bson/bson-config.h
configure:13923: creating ./config.status

## ---------------------- ##
## Running config.status. ##
## ---------------------- ##

This file was extended by config.status, which was
generated by GNU Autoconf 2.69.  Invocation command line was

  CONFIG_FILES    = 
  CONFIG_HEADERS  = 
  CONFIG_LINKS    = 
  CONFIG_COMMANDS = 
  $ ./config.status 

on fluperphp3-ThinkCentre-M70e

config.status:829: creating ./src/libmongoc/src/mongoc/mongoc-config.h
config.status:829: creating ./src/libmongoc/src/mongoc/mongoc-version.h
config.status:829: creating ./src/libbson/src/bson/bson-config.h
config.status:829: creating ./src/libbson/src/bson/bson-version.h
configure:15000: checking how to print strings
configure:15027: result: printf
configure:15048: checking for a sed that does not truncate output
configure:15112: result: /bin/sed
configure:15130: checking for fgrep
configure:15192: result: /bin/grep -F
configure:15227: checking for ld used by cc
configure:15294: result: /usr/bin/ld
configure:15301: checking if the linker (/usr/bin/ld) is GNU ld
configure:15316: result: yes
configure:15328: checking for BSD- or MS-compatible name lister (nm)
configure:15382: result: /usr/bin/nm -B
configure:15512: checking the name lister (/usr/bin/nm -B) interface
configure:15519: cc -c -g -O2  conftest.c >&5
configure:15522: /usr/bin/nm -B "conftest.o"
configure:15525: output
0000000000000000 B some_variable
configure:15532: result: BSD nm
configure:15535: checking whether ln -s works
configure:15539: result: yes
configure:15547: checking the maximum length of command line arguments
configure:15678: result: 1572864
configure:15726: checking how to convert x86_64-pc-linux-gnu file names to x86_64-pc-linux-gnu format
configure:15766: result: func_convert_file_noop
configure:15773: checking how to convert x86_64-pc-linux-gnu file names to toolchain format
configure:15793: result: func_convert_file_noop
configure:15800: checking for /usr/bin/ld option to reload object files
configure:15807: result: -r
configure:15881: checking for objdump
configure:15897: found /usr/bin/objdump
configure:15908: result: objdump
configure:15940: checking how to recognize dependent libraries
configure:16140: result: pass_all
configure:16225: checking for dlltool
configure:16255: result: no
configure:16285: checking how to associate runtime and link libraries
configure:16312: result: printf %s\n
configure:16372: checking for ar
configure:16388: found /usr/bin/ar
configure:16399: result: ar
configure:16436: checking for archiver @FILE support
configure:16453: cc -c -g -O2  conftest.c >&5
configure:16453: $? = 0
configure:16456: ar cru libconftest.a @conftest.lst >&5
ar: `u' modifier ignored since `D' is the default (see `U')
configure:16459: $? = 0
configure:16464: ar cru libconftest.a @conftest.lst >&5
ar: `u' modifier ignored since `D' is the default (see `U')
ar: conftest.o: No such file or directory
configure:16467: $? = 1
configure:16479: result: @
configure:16537: checking for strip
configure:16553: found /usr/bin/strip
configure:16564: result: strip
configure:16636: checking for ranlib
configure:16652: found /usr/bin/ranlib
configure:16663: result: ranlib
configure:16740: checking for gawk
configure:16767: result: nawk
configure:16807: checking command to parse /usr/bin/nm -B output from cc object
configure:16960: cc -c -g -O2  conftest.c >&5
configure:16963: $? = 0
configure:16967: /usr/bin/nm -B conftest.o \| sed -n -e 's/^.*[ ]\([ABCDGIRSTW][ABCDGIRSTW]*\)[ ][ ]*\([_A-Za-z][_A-Za-z0-9]*\)$/\1 \2 \2/p' | sed '/ __gnu_lto/d' \> conftest.nm
configure:16970: $? = 0
configure:17036: cc -o conftest -g -O2   conftest.c conftstm.o >&5
configure:17039: $? = 0
configure:17077: result: ok
configure:17124: checking for sysroot
configure:17154: result: no
configure:17161: checking for a working dd
configure:17199: result: /bin/dd
configure:17203: checking how to truncate binary pipes
configure:17218: result: /bin/dd bs=4096 count=1
configure:17354: cc -c -g -O2  conftest.c >&5
configure:17357: $? = 0
configure:17547: checking for mt
configure:17563: found /bin/mt
configure:17574: result: mt
configure:17597: checking if mt is a manifest tool
configure:17603: mt '-?'
configure:17611: result: no
configure:18285: checking for dlfcn.h
configure:18285: cc -c -g -O2  conftest.c >&5
configure:18285: $? = 0
configure:18285: result: yes
configure:18541: checking for objdir
configure:18556: result: .libs
configure:18820: checking if cc supports -fno-rtti -fno-exceptions
configure:18838: cc -c -g -O2  -fno-rtti -fno-exceptions conftest.c >&5
cc1: warning: command line option '-fno-rtti' is valid for C++/ObjC++ but not for C
configure:18842: $? = 0
configure:18855: result: no
configure:19213: checking for cc option to produce PIC
configure:19220: result: -fPIC -DPIC
configure:19228: checking if cc PIC flag -fPIC -DPIC works
configure:19246: cc -c -g -O2  -fPIC -DPIC -DPIC conftest.c >&5
configure:19250: $? = 0
configure:19263: result: yes
configure:19292: checking if cc static flag -static works
configure:19320: result: yes
configure:19335: checking if cc supports -c -o file.o
configure:19356: cc -c -g -O2  -o out/conftest2.o conftest.c >&5
configure:19360: $? = 0
configure:19382: result: yes
configure:19390: checking if cc supports -c -o file.o
configure:19437: result: yes
configure:19470: checking whether the cc linker (/usr/bin/ld -m elf_x86_64) supports shared libraries
configure:20733: result: yes
configure:20770: checking whether -lc should be explicitly linked in
configure:20778: cc -c -g -O2  conftest.c >&5
configure:20781: $? = 0
configure:20796: cc -shared  -fPIC -DPIC conftest.o  -v -Wl,-soname -Wl,conftest -o conftest 2\>\&1 \| /bin/grep  -lc  \>/dev/null 2\>\&1
configure:20799: $? = 0
configure:20813: result: no
configure:20973: checking dynamic linker characteristics
configure:21554: cc -o conftest -g -O2   -Wl,-rpath -Wl,/foo conftest.c  >&5
configure:21554: $? = 0
configure:21803: result: GNU/Linux ld.so
configure:21925: checking how to hardcode library paths into programs
configure:21950: result: immediate
configure:22498: checking whether stripping libraries is possible
configure:22503: result: yes
configure:22538: checking if libtool supports shared libraries
configure:22540: result: yes
configure:22543: checking whether to build shared libraries
configure:22568: result: yes
configure:22571: checking whether to build static libraries
configure:22575: result: no
configure:22851: creating ./config.status

## ---------------------- ##
## Running config.status. ##
## ---------------------- ##

This file was extended by config.status, which was
generated by GNU Autoconf 2.69.  Invocation command line was

  CONFIG_FILES    = 
  CONFIG_HEADERS  = 
  CONFIG_LINKS    = 
  CONFIG_COMMANDS = 
  $ ./config.status 

on fluperphp3-ThinkCentre-M70e

config.status:1122: creating ./src/libmongoc/src/mongoc/mongoc-config.h
config.status:1122: creating ./src/libmongoc/src/mongoc/mongoc-version.h
config.status:1122: creating ./src/libbson/src/bson/bson-config.h
config.status:1122: creating ./src/libbson/src/bson/bson-version.h
config.status:1122: creating config.h
config.status:1306: executing libtool commands

## ---------------- ##
## Cache variables. ##
## ---------------- ##

ac_cv_build=x86_64-pc-linux-gnu
ac_cv_c_bigendian_php=no
ac_cv_c_compiler_gnu=yes
ac_cv_env_CC_set=
ac_cv_env_CC_value=
ac_cv_env_CFLAGS_set=
ac_cv_env_CFLAGS_value=
ac_cv_env_CPPFLAGS_set=
ac_cv_env_CPPFLAGS_value=
ac_cv_env_CPP_set=
ac_cv_env_CPP_value=
ac_cv_env_LDFLAGS_set=
ac_cv_env_LDFLAGS_value=
ac_cv_env_LIBS_set=
ac_cv_env_LIBS_value=
ac_cv_env_LT_SYS_LIBRARY_PATH_set=
ac_cv_env_LT_SYS_LIBRARY_PATH_value=
ac_cv_env_build_alias_set=
ac_cv_env_build_alias_value=
ac_cv_env_host_alias_set=
ac_cv_env_host_alias_value=
ac_cv_env_target_alias_set=
ac_cv_env_target_alias_value=
ac_cv_func__set_output_format=no
ac_cv_func_shm_open=no
ac_cv_func_snprintf=yes
ac_cv_func_strnlen=yes
ac_cv_header_dlfcn_h=yes
ac_cv_header_inttypes_h=yes
ac_cv_header_memory_h=yes
ac_cv_header_stdbool_h=yes
ac_cv_header_stdc=yes
ac_cv_header_stdint=stdint.h
ac_cv_header_stdint_h=yes
ac_cv_header_stdint_o=no-file
ac_cv_header_stdint_test=no
ac_cv_header_stdint_u=no-file
ac_cv_header_stdint_x=stdint.h
ac_cv_header_stdlib_h=yes
ac_cv_header_string_h=yes
ac_cv_header_strings_h=yes
ac_cv_header_sys_stat_h=yes
ac_cv_header_sys_types_h=yes
ac_cv_header_unistd_h=yes
ac_cv_host=x86_64-pc-linux-gnu
ac_cv_lib_rt_shm_open=yes
ac_cv_objext=o
ac_cv_path_EGREP='/bin/grep -E'
ac_cv_path_FGREP='/bin/grep -F'
ac_cv_path_GREP=/bin/grep
ac_cv_path_PKG_CONFIG=/usr/bin/pkg-config
ac_cv_path_SED=/bin/sed
ac_cv_path_lt_DD=/bin/dd
ac_cv_prog_AWK=nawk
ac_cv_prog_CPP='cc -E'
ac_cv_prog_ac_ct_AR=ar
ac_cv_prog_ac_ct_CC=cc
ac_cv_prog_ac_ct_MANIFEST_TOOL=mt
ac_cv_prog_ac_ct_OBJDUMP=objdump
ac_cv_prog_ac_ct_RANLIB=ranlib
ac_cv_prog_ac_ct_STRIP=strip
ac_cv_prog_cc_c89=
ac_cv_prog_cc_cc_c_o=yes
ac_cv_prog_cc_g=yes
ac_cv_search_clock_gettime='none required'
ac_cv_sizeof_X=::::
ac_cv_sizeof_x=:
ac_cv_target=x86_64-pc-linux-gnu
ac_cv_type__Bool=yes
ac_cv_type_int_fast32_t=yes
ac_cv_type_int_least32_t=yes
ac_cv_type_struct_timespec=yes
ac_cv_type_uint64_t=yes
ac_cv_type_uintptr_t=yes
ax_cv_PTHREAD_PRIO_INHERIT=yes
bson_cv_have_reallocf=no
bson_cv_have_strnlen=yes
bson_cv_have_sys_gettid_tid=yes
bson_cv_have_syscall_tid=yes
bson_cv_need_braces_on_pthread_once_init=no
lt_cv_ar_at_file=@
lt_cv_archive_cmds_need_lc=no
lt_cv_deplibs_check_method=pass_all
lt_cv_file_magic_cmd='$MAGIC_CMD'
lt_cv_file_magic_test_file=
lt_cv_ld_reload_flag=-r
lt_cv_nm_interface='BSD nm'
lt_cv_objdir=.libs
lt_cv_path_LD=/usr/bin/ld
lt_cv_path_NM='/usr/bin/nm -B'
lt_cv_path_mainfest_tool=no
lt_cv_prog_compiler_c_o=yes
lt_cv_prog_compiler_pic='-fPIC -DPIC'
lt_cv_prog_compiler_pic_works=yes
lt_cv_prog_compiler_rtti_exceptions=no
lt_cv_prog_compiler_static_works=yes
lt_cv_prog_gnu_ld=yes
lt_cv_sharedlib_from_linklib_cmd='printf %s\n'
lt_cv_shlibpath_overrides_runpath=no
lt_cv_sys_global_symbol_pipe='sed -n -e '\''s/^.*[	 ]\([ABCDGIRSTW][ABCDGIRSTW]*\)[	 ][	 ]*\([_A-Za-z][_A-Za-z0-9]*\)$/\1 \2 \2/p'\'' | sed '\''/ __gnu_lto/d'\'''
lt_cv_sys_global_symbol_to_c_name_address='sed -n -e '\''s/^: \(.*\) .*$/  {"\1", (void *) 0},/p'\'' -e '\''s/^[ABCDGIRSTW][ABCDGIRSTW]* .* \(.*\)$/  {"\1", (void *) \&\1},/p'\'''
lt_cv_sys_global_symbol_to_c_name_address_lib_prefix='sed -n -e '\''s/^: \(.*\) .*$/  {"\1", (void *) 0},/p'\'' -e '\''s/^[ABCDGIRSTW][ABCDGIRSTW]* .* \(lib.*\)$/  {"\1", (void *) \&\1},/p'\'' -e '\''s/^[ABCDGIRSTW][ABCDGIRSTW]* .* \(.*\)$/  {"lib\1", (void *) \&\1},/p'\'''
lt_cv_sys_global_symbol_to_cdecl='sed -n -e '\''s/^T .* \(.*\)$/extern int \1();/p'\'' -e '\''s/^[ABCDGIRSTW][ABCDGIRSTW]* .* \(.*\)$/extern char \1;/p'\'''
lt_cv_sys_global_symbol_to_import=
lt_cv_sys_max_cmd_len=1572864
lt_cv_to_host_file_cmd=func_convert_file_noop
lt_cv_to_tool_file_cmd=func_convert_file_noop
lt_cv_truncate_bin='/bin/dd bs=4096 count=1'
php_cv_cc_dashr=no
php_cv_cc_rpath=yes

## ----------------- ##
## Output variables. ##
## ----------------- ##

AR='ar'
AWK='nawk'
BSON_API_VERSION='1.0'
BSON_BYTE_ORDER='1234'
BSON_EXTRA_ALIGN='0'
BSON_HAVE_ATOMIC_32_ADD_AND_FETCH='1'
BSON_HAVE_ATOMIC_64_ADD_AND_FETCH='1'
BSON_HAVE_CLOCK_GETTIME='1'
BSON_HAVE_DECIMAL128='0'
BSON_HAVE_REALLOCF='0'
BSON_HAVE_SNPRINTF='1'
BSON_HAVE_STDBOOL_H='1'
BSON_HAVE_STRNLEN='1'
BSON_HAVE_SYSCALL_TID='1'
BSON_HAVE_TIMESPEC='1'
BSON_MAJOR_VERSION='1'
BSON_MICRO_VERSION='5'
BSON_MINOR_VERSION='5'
BSON_NEEDS_SET_OUTPUT_FORMAT='0'
BSON_OS='1'
BSON_PRERELEASE_VERSION=''
BSON_PTHREAD_ONCE_INIT_NEEDS_BRACES='0'
BSON_RELEASED_MAJOR_VERSION='1'
BSON_RELEASED_MICRO_VERSION='5'
BSON_RELEASED_MINOR_VERSION='5'
BSON_RELEASED_PRERELEASE_VERSION=''
BSON_RELEASED_VERSION='1.5.5'
BSON_VERSION='1.5.5'
CC='cc'
CFLAGS='-g -O2'
CONFIGURE_COMMAND=' '\''./configure'\'' '
CONFIGURE_OPTIONS=''
CPP='cc -E'
CPPFLAGS=' -DHAVE_CONFIG_H'
DEFS='-DHAVE_CONFIG_H'
DLLTOOL='false'
DSYMUTIL=''
DUMPBIN=''
ECHO_C=''
ECHO_N='-n'
ECHO_T=''
EGREP='/bin/grep -E'
EXEEXT=''
FGREP='/bin/grep -F'
GREP='/bin/grep'
LD='/usr/bin/ld -m elf_x86_64'
LDFLAGS=''
LIBOBJS=''
LIBS=''
LIBTOOL='$(SHELL) $(top_builddir)/libtool'
LIPO=''
LN_S='ln -s'
LTLIBOBJS=''
LT_SYS_LIBRARY_PATH=''
MANIFEST_TOOL=':'
MONGOC_API_VERSION='1.0'
MONGOC_CC='cc'
MONGOC_ENABLE_CRYPTO='1'
MONGOC_ENABLE_CRYPTO_CNG='0'
MONGOC_ENABLE_CRYPTO_COMMON_CRYPTO='0'
MONGOC_ENABLE_CRYPTO_LIBCRYPTO='1'
MONGOC_ENABLE_CRYPTO_SYSTEM_PROFILE='0'
MONGOC_ENABLE_SASL='0'
MONGOC_ENABLE_SSL='1'
MONGOC_ENABLE_SSL_LIBRESSL='0'
MONGOC_ENABLE_SSL_OPENSSL='1'
MONGOC_ENABLE_SSL_SECURE_CHANNEL='0'
MONGOC_ENABLE_SSL_SECURE_TRANSPORT='0'
MONGOC_HAVE_SASL_CLIENT_DONE='0'
MONGOC_HAVE_WEAK_SYMBOLS='1'
MONGOC_MAJOR_VERSION='1'
MONGOC_MICRO_VERSION='5'
MONGOC_MINOR_VERSION='5'
MONGOC_NO_AUTOMATIC_GLOBALS='1'
MONGOC_PRERELEASE_VERSION=''
MONGOC_RELEASED_MAJOR_VERSION='1'
MONGOC_RELEASED_MICRO_VERSION='5'
MONGOC_RELEASED_MINOR_VERSION='5'
MONGOC_RELEASED_PRERELEASE_VERSION=''
MONGOC_RELEASED_VERSION='1.5.5'
MONGOC_USER_SET_CFLAGS='-g -O2'
MONGOC_USER_SET_LDFLAGS=''
MONGOC_VERSION='1.5.5'
NM='/usr/bin/nm -B'
NMEDIT=''
OBJDUMP='objdump'
OBJEXT='o'
OPENSSL_INCDIR_OPT='-I/usr/include'
OTOOL64=''
OTOOL=''
PACKAGE_BUGREPORT=''
PACKAGE_NAME=''
PACKAGE_STRING=''
PACKAGE_TARNAME=''
PACKAGE_URL=''
PACKAGE_VERSION=''
PATH_SEPARATOR=':'
PKG_CONFIG='/usr/bin/pkg-config'
PTHREAD_CC='cc'
PTHREAD_CFLAGS='-pthread'
PTHREAD_LIBS=''
RANLIB='ranlib'
RE2C='exit 0;'
SED='/bin/sed'
SHELL='/bin/bash'
SHLIB_DL_SUFFIX_NAME='so'
SHLIB_SUFFIX_NAME='so'
SOCKET_CFLAGS=''
SOCKET_LDFLAGS=''
STRIP='strip'
ac_ct_AR='ar'
ac_ct_CC='cc'
ac_ct_DUMPBIN=''
ax_pthread_config=''
bindir='${exec_prefix}/bin'
build='x86_64-pc-linux-gnu'
build_alias=''
build_cpu='x86_64'
build_os='linux-gnu'
build_vendor='pc'
datadir='${datarootdir}'
datarootdir='${prefix}/share'
docdir='${datarootdir}/doc/${PACKAGE}'
dvidir='${docdir}'
exec_prefix='${prefix}'
host='x86_64-pc-linux-gnu'
host_alias='x86_64-pc-linux-gnu'
host_cpu='x86_64'
host_os='linux-gnu'
host_vendor='pc'
htmldir='${docdir}'
includedir='${prefix}/include'
infodir='${datarootdir}/info'
libdir='${exec_prefix}/lib'
libexecdir='${exec_prefix}/libexec'
localedir='${datarootdir}/locale'
localstatedir='${prefix}/var'
mandir='${datarootdir}/man'
oldincludedir='/usr/include'
pdfdir='${docdir}'
prefix='/usr'
program_transform_name='s,x,x,'
psdir='${docdir}'
runstatedir='${localstatedir}/run'
sbindir='${exec_prefix}/sbin'
sharedstatedir='${prefix}/com'
sysconfdir='${prefix}/etc'
target='x86_64-pc-linux-gnu'
target_alias=''
target_cpu='x86_64'
target_os='linux-gnu'
target_vendor='pc'

## ----------- ##
## confdefs.h. ##
## ----------- ##

/* confdefs.h */
#define PACKAGE_NAME ""
#define PACKAGE_TARNAME ""
#define PACKAGE_VERSION ""
#define PACKAGE_STRING ""
#define PACKAGE_BUGREPORT ""
#define PACKAGE_URL ""
#define HAVE_PTHREAD_PRIO_INHERIT 1
#define HAVE_PTHREAD 1
#define COMPILE_DL_MONGODB 1
#define HAVE_PTHREAD_PRIO_INHERIT 1
#define HAVE_PTHREAD 1
#define STDC_HEADERS 1
#define HAVE_SYS_TYPES_H 1
#define HAVE_SYS_STAT_H 1
#define HAVE_STDLIB_H 1
#define HAVE_STRING_H 1
#define HAVE_MEMORY_H 1
#define HAVE_STRINGS_H 1
#define HAVE_INTTYPES_H 1
#define HAVE_STDINT_H 1
#define HAVE_UNISTD_H 1
#define HAVE__BOOL 1
#define HAVE_STDBOOL_H 1
#define HAVE_DLFCN_H 1
#define LT_OBJDIR ".libs/"

configure: exit 0
